# JRE version: Java(TM) SE Runtime Environment (7.0_75-b13) (build 1.7.0_75-b13)
# Java VM: Java HotSpot(TM) 64-Bit Server VM (24.75-b04 mixed mode bsd-amd64 compressed oops)
Heap
 PSYoungGen      total 109056K, used 94837K [0x00000007d5500000, 0x00000007e5a80000, 0x0000000800000000)
  eden space 107520K, 87% used [0x00000007d5500000,0x00000007db05d5f8,0x00000007dbe00000)
  from space 1536K, 83% used [0x00000007e5400000,0x00000007e5540000,0x00000007e5580000)
  to   space 4096K, 0% used [0x00000007e5680000,0x00000007e5680000,0x00000007e5a80000)
 ParOldGen       total 87040K, used 2644K [0x0000000780000000, 0x0000000785500000, 0x00000007d5500000)
  object space 87040K, 3% used [0x0000000780000000,0x00000007802951c0,0x0000000785500000)
 PSPermGen       total 21504K, used 11260K [0x000000077ae00000, 0x000000077c300000, 0x0000000780000000)
  object space 21504K, 52% used [0x000000077ae00000,0x000000077b8ff288,0x000000077c300000)
GC Heap History (10 events):
Event: 5.468 GC heap before
{Heap before GC invocations=9 (full 0):
 PSYoungGen      total 130560K, used 130304K [0x00000007d5500000, 0x00000007e6180000, 0x0000000800000000)
  eden space 130048K, 100% used [0x00000007d5500000,0x00000007dd400000,0x00000007dd400000)
  from space 512K, 50% used [0x00000007e6100000,0x00000007e6140000,0x00000007e6180000)
  to   space 4096K, 0% used [0x00000007e5980000,0x00000007e5980000,0x00000007e5d80000)
 ParOldGen       total 87040K, used 1004K [0x0000000780000000, 0x0000000785500000, 0x00000007d5500000)
  object space 87040K, 1% used [0x0000000780000000,0x00000007800fb090,0x0000000785500000)
 PSPermGen       total 21504K, used 6402K [0x000000077ae00000, 0x000000077c300000, 0x0000000780000000)
  object space 21504K, 29% used [0x000000077ae00000,0x000000077b440bc8,0x000000077c300000)
Event: 5.470 GC heap after
Heap after GC invocations=9 (full 0):
 PSYoungGen      total 129024K, used 1120K [0x00000007d5500000, 0x00000007e6180000, 0x0000000800000000)
  eden space 124928K, 0% used [0x00000007d5500000,0x00000007d5500000,0x00000007dcf00000)
  from space 4096K, 27% used [0x00000007e5980000,0x00000007e5a98000,0x00000007e5d80000)
  to   space 4096K, 0% used [0x00000007e5d80000,0x00000007e5d80000,0x00000007e6180000)
 ParOldGen       total 87040K, used 1012K [0x0000000780000000, 0x0000000785500000, 0x00000007d5500000)
  object space 87040K, 1% used [0x0000000780000000,0x00000007800fd090,0x0000000785500000)
 PSPermGen       total 21504K, used 6402K [0x000000077ae00000, 0x000000077c300000, 0x0000000780000000)
  object space 21504K, 29% used [0x000000077ae00000,0x000000077b440bc8,0x000000077c300000)
}
Event: 5.896 GC heap before
{Heap before GC invocations=10 (full 0):
 PSYoungGen      total 129024K, used 126048K [0x00000007d5500000, 0x00000007e6180000, 0x0000000800000000)
  eden space 124928K, 100% used [0x00000007d5500000,0x00000007dcf00000,0x00000007dcf00000)
  from space 4096K, 27% used [0x00000007e5980000,0x00000007e5a98000,0x00000007e5d80000)
  to   space 4096K, 0% used [0x00000007e5d80000,0x00000007e5d80000,0x00000007e6180000)
 ParOldGen       total 87040K, used 1012K [0x0000000780000000, 0x0000000785500000, 0x00000007d5500000)
  object space 87040K, 1% used [0x0000000780000000,0x00000007800fd090,0x0000000785500000)
 PSPermGen       total 21504K, used 6415K [0x000000077ae00000, 0x000000077c300000, 0x0000000780000000)
  object space 21504K, 29% used [0x000000077ae00000,0x000000077b443cc0,0x000000077c300000)
Event: 5.897 GC heap after
Heap after GC invocations=10 (full 0):
 PSYoungGen      total 121344K, used 992K [0x00000007d5500000, 0x00000007e5e80000, 0x0000000800000000)
  eden space 120320K, 0% used [0x00000007d5500000,0x00000007d5500000,0x00000007dca80000)
  from space 1024K, 96% used [0x00000007e5d80000,0x00000007e5e78000,0x00000007e5e80000)
  to   space 4096K, 0% used [0x00000007e5680000,0x00000007e5680000,0x00000007e5a80000)
 ParOldGen       total 87040K, used 1020K [0x0000000780000000, 0x0000000785500000, 0x00000007d5500000)
  object space 87040K, 1% used [0x0000000780000000,0x00000007800ff090,0x0000000785500000)
 PSPermGen       total 21504K, used 6415K [0x000000077ae00000, 0x000000077c300000, 0x0000000780000000)
  object space 21504K, 29% used [0x000000077ae00000,0x000000077b443cc0,0x000000077c300000)
}
Event: 17.182 GC heap before
{Heap before GC invocations=11 (full 0):
 PSYoungGen      total 121344K, used 121312K [0x00000007d5500000, 0x00000007e5e80000, 0x0000000800000000)
  eden space 120320K, 100% used [0x00000007d5500000,0x00000007dca80000,0x00000007dca80000)
  from space 1024K, 96% used [0x00000007e5d80000,0x00000007e5e78000,0x00000007e5e80000)
  to   space 4096K, 0% used [0x00000007e5680000,0x00000007e5680000,0x00000007e5a80000)
 ParOldGen       total 87040K, used 1020K [0x0000000780000000, 0x0000000785500000, 0x00000007d5500000)
  object space 87040K, 1% used [0x0000000780000000,0x00000007800ff090,0x0000000785500000)
 PSPermGen       total 21504K, used 10265K [0x000000077ae00000, 0x000000077c300000, 0x0000000780000000)
  object space 21504K, 47% used [0x000000077ae00000,0x000000077b806490,0x000000077c300000)
Event: 17.191 GC heap after
Heap after GC invocations=11 (full 0):
 PSYoungGen      total 118784K, used 2784K [0x00000007d5500000, 0x00000007e5e00000, 0x0000000800000000)
  eden space 115712K, 0% used [0x00000007d5500000,0x00000007d5500000,0x00000007dc600000)
  from space 3072K, 90% used [0x00000007e5680000,0x00000007e59383c0,0x00000007e5980000)
  to   space 4096K, 0% used [0x00000007e5a00000,0x00000007e5a00000,0x00000007e5e00000)
 ParOldGen       total 87040K, used 1036K [0x0000000780000000, 0x0000000785500000, 0x00000007d5500000)
  object space 87040K, 1% used [0x0000000780000000,0x0000000780103090,0x0000000785500000)
 PSPermGen       total 21504K, used 10265K [0x000000077ae00000, 0x000000077c300000, 0x0000000780000000)
  object space 21504K, 47% used [0x000000077ae00000,0x000000077b806490,0x000000077c300000)
}
Event: 898.895 GC heap before
{Heap before GC invocations=12 (full 0):
 PSYoungGen      total 118784K, used 118496K [0x00000007d5500000, 0x00000007e5e00000, 0x0000000800000000)
  eden space 115712K, 100% used [0x00000007d5500000,0x00000007dc600000,0x00000007dc600000)
  from space 3072K, 90% used [0x00000007e5680000,0x00000007e59383c0,0x00000007e5980000)
  to   space 4096K, 0% used [0x00000007e5a00000,0x00000007e5a00000,0x00000007e5e00000)
 ParOldGen       total 87040K, used 1036K [0x0000000780000000, 0x0000000785500000, 0x00000007d5500000)
  object space 87040K, 1% used [0x0000000780000000,0x0000000780103090,0x0000000785500000)
 PSPermGen       total 21504K, used 11112K [0x000000077ae00000, 0x000000077c300000, 0x0000000780000000)
  object space 21504K, 51% used [0x000000077ae00000,0x000000077b8da330,0x000000077c300000)
Event: 898.908 GC heap after
Heap after GC invocations=12 (full 0):
 PSYoungGen      total 113664K, used 1685K [0x00000007d5500000, 0x00000007e5c00000, 0x0000000800000000)
  eden space 111616K, 0% used [0x00000007d5500000,0x00000007d5500000,0x00000007dc200000)
  from space 2048K, 82% used [0x00000007e5a00000,0x00000007e5ba54d0,0x00000007e5c00000)
  to   space 4096K, 0% used [0x00000007e5400000,0x00000007e5400000,0x00000007e5800000)
 ParOldGen       total 87040K, used 2308K [0x0000000780000000, 0x0000000785500000, 0x00000007d5500000)
  object space 87040K, 2% used [0x0000000780000000,0x0000000780241190,0x0000000785500000)
 PSPermGen       total 21504K, used 11112K [0x000000077ae00000, 0x000000077c300000, 0x0000000780000000)
  object space 21504K, 51% used [0x000000077ae00000,0x000000077b8da330,0x000000077c300000)
}
Event: 1781.079 GC heap before
{Heap before GC invocations=13 (full 0):
 PSYoungGen      total 113664K, used 113301K [0x00000007d5500000, 0x00000007e5c00000, 0x0000000800000000)
  eden space 111616K, 100% used [0x00000007d5500000,0x00000007dc200000,0x00000007dc200000)
  from space 2048K, 82% used [0x00000007e5a00000,0x00000007e5ba54d0,0x00000007e5c00000)
  to   space 4096K, 0% used [0x00000007e5400000,0x00000007e5400000,0x00000007e5800000)
 ParOldGen       total 87040K, used 2308K [0x0000000780000000, 0x0000000785500000, 0x00000007d5500000)
  object space 87040K, 2% used [0x0000000780000000,0x0000000780241190,0x0000000785500000)
 PSPermGen       total 21504K, used 11229K [0x000000077ae00000, 0x000000077c300000, 0x0000000780000000)
  object space 21504K, 52% used [0x000000077ae00000,0x000000077b8f75a8,0x000000077c300000)
Event: 1781.084 GC heap after
Heap after GC invocations=13 (full 0):
 PSYoungGen      total 109056K, used 1280K [0x00000007d5500000, 0x00000007e5a80000, 0x0000000800000000)
  eden space 107520K, 0% used [0x00000007d5500000,0x00000007d5500000,0x00000007dbe00000)
  from space 1536K, 83% used [0x00000007e5400000,0x00000007e5540000,0x00000007e5580000)
  to   space 4096K, 0% used [0x00000007e5680000,0x00000007e5680000,0x00000007e5a80000)
 ParOldGen       total 87040K, used 2644K [0x0000000780000000, 0x0000000785500000, 0x00000007d5500000)
  object space 87040K, 3% used [0x0000000780000000,0x00000007802951c0,0x0000000785500000)
 PSPermGen       total 21504K, used 11229K [0x000000077ae00000, 0x000000077c300000, 0x0000000780000000)
  object space 21504K, 52% used [0x000000077ae00000,0x000000077b8f75a8,0x000000077c300000)
}

