<?xml version="1.0" encoding="UTF-8"?>
<testsuite name="test.java.se.aftonbladet.mobile.MobileTests(20150220-050048)" time="399.441" tests="42" errors="0" skipped="0" failures="12">
  <properties>
[...]
</properties>
  <testcase name="goToEntertainmentPage[Android_4.4.4_SM-N910F_Chrome_UNKNOWN]" classname="se.aftonbladet.abtest.tests.mobile.menu.AbMobileNavTest(20150220-050048)" time="67.261"/>
  <testcase name="goToEntertainmentPage[Android_4.4.4_GT-I9305_Chrome_UNKNOWN]" classname="se.aftonbladet.abtest.tests.mobile.menu.AbMobileNavTest(20150220-050048)" time="0.435"/>
  <testcase name="goToEntertainmentPage[Android_4.4.2_GT-I9505_Chrome_UNKNOWN]" classname="se.aftonbladet.abtest.tests.mobile.menu.AbMobileNavTest(20150220-050048)" time="0.56"/>
  <testcase name="goToPlusPage[Android_4.4.4_GT-I9305_Chrome_UNKNOWN]" classname="se.aftonbladet.abtest.tests.mobile.menu.AbMobileNavTest(20150220-050048)" time="9.971"/>
  <testcase name="goToPlusPage[Android_4.4.2_GT-I9505_Chrome_UNKNOWN]" classname="se.aftonbladet.abtest.tests.mobile.menu.AbMobileNavTest(20150220-050048)" time="1.696"/>
  <testcase name="goToPlusPage[Android_4.4.4_SM-N910F_Chrome_UNKNOWN]" classname="se.aftonbladet.abtest.tests.mobile.menu.AbMobileNavTest(20150220-050048)" time="2.789"/>
  <testcase name="goToColumnistsPage[Android_4.4.4_GT-I9305_Chrome_UNKNOWN]" classname="se.aftonbladet.abtest.tests.mobile.menu.AbMobileNavTest(20150220-050048)" time="7.405"/>
  <testcase name="goToColumnistsPage[Android_4.4.2_GT-I9505_Chrome_UNKNOWN]" classname="se.aftonbladet.abtest.tests.mobile.menu.AbMobileNavTest(20150220-050048)" time="1.765"/>
  <testcase name="goToColumnistsPage[Android_4.4.4_SM-N910F_Chrome_UNKNOWN]" classname="se.aftonbladet.abtest.tests.mobile.menu.AbMobileNavTest(20150220-050048)" time="4.072"/>
  <testcase name="goToVisaMerSubPages[Android_4.4.4_GT-I9305_Chrome_UNKNOWN]" classname="se.aftonbladet.abtest.tests.mobile.menu.AbMobileNavTest(20150220-050048)" time="31.271"/>
  <testcase name="goToVisaMerSubPages[Android_4.4.2_GT-I9505_Chrome_UNKNOWN]" classname="se.aftonbladet.abtest.tests.mobile.menu.AbMobileNavTest(20150220-050048)" time="2.095"/>
  <testcase name="goToVisaMerSubPages[Android_4.4.4_SM-N910F_Chrome_UNKNOWN]" classname="se.aftonbladet.abtest.tests.mobile.menu.AbMobileNavTest(20150220-050048)" time="10.221"/>
  <testcase name="goToCulturePage[Android_4.4.4_GT-I9305_Chrome_UNKNOWN]" classname="se.aftonbladet.abtest.tests.mobile.menu.AbMobileNavTest(20150220-050048)" time="1.769">
    <failure message="expected:&lt;39&gt; but was:&lt;27&gt;" type="java.lang.AssertionError"><![CDATA[java.lang.AssertionError: expected:<39> but was:<27>
	at org.junit.Assert.fail(Assert.java:88)
	at org.junit.Assert.failNotEquals(Assert.java:743)
	at org.junit.Assert.assertEquals(Assert.java:118)
	at org.junit.Assert.assertEquals(Assert.java:555)
	at org.junit.Assert.assertEquals(Assert.java:542)
	at se.aftonbladet.abtest.tests.mobile.menu.AbMobileNavTest.goToCulturePage(AbMobileNavTest.java:178)
]]></failure>
    <system-out><![CDATA[Driver: AndroidDriver: chrome on ANDROID (a829a944d8c098e2a2e7b9901749ec62)
By: By.xpath: //*[@class='abToggle']/div
Try to assert page title: Kultur
>>>Compare to page title: kultur | aftonbladet
By: By.xpath: //*[@class='abToggle']/div
]]></system-out>
  </testcase>
  <testcase name="goToCulturePage[Android_4.4.2_GT-I9505_Chrome_UNKNOWN]" classname="se.aftonbladet.abtest.tests.mobile.menu.AbMobileNavTest(20150220-050048)" time="1.617">
    <failure message="expected:&lt;39&gt; but was:&lt;27&gt;" type="java.lang.AssertionError"><![CDATA[java.lang.AssertionError: expected:<39> but was:<27>
	at org.junit.Assert.fail(Assert.java:88)
	at org.junit.Assert.failNotEquals(Assert.java:743)
	at org.junit.Assert.assertEquals(Assert.java:118)
	at org.junit.Assert.assertEquals(Assert.java:555)
	at org.junit.Assert.assertEquals(Assert.java:542)
	at se.aftonbladet.abtest.tests.mobile.menu.AbMobileNavTest.goToCulturePage(AbMobileNavTest.java:178)
]]></failure>
    <system-out><![CDATA[Driver: AndroidDriver: chrome on ANDROID (6edfd30b8dd3898396464ef3132b2c0c)
]]></system-out>
  </testcase>
  <testcase name="goToColumnistsSubPages[Android_4.4.4_GT-I9305_Chrome_UNKNOWN]" classname="se.aftonbladet.abtest.tests.mobile.menu.AbMobileNavTest(20150220-050048)" time="14.311"/>
  <testcase name="goToCulturePage[Android_4.4.4_SM-N910F_Chrome_UNKNOWN]" classname="se.aftonbladet.abtest.tests.mobile.menu.AbMobileNavTest(20150220-050048)" time="0.342">
    <failure message="expected:&lt;39&gt; but was:&lt;27&gt;" type="java.lang.AssertionError"><![CDATA[java.lang.AssertionError: expected:<39> but was:<27>
	at org.junit.Assert.fail(Assert.java:88)
	at org.junit.Assert.failNotEquals(Assert.java:743)
	at org.junit.Assert.assertEquals(Assert.java:118)
	at org.junit.Assert.assertEquals(Assert.java:555)
	at org.junit.Assert.assertEquals(Assert.java:542)
	at se.aftonbladet.abtest.tests.mobile.menu.AbMobileNavTest.goToCulturePage(AbMobileNavTest.java:178)
]]></failure>
    <system-out><![CDATA[Driver: AndroidDriver: chrome on ANDROID (6edfd30b8dd3898396464ef3132b2c0c)
]]></system-out>
  </testcase>
  <testcase name="goToColumnistsSubPages[Android_4.4.2_GT-I9505_Chrome_UNKNOWN]" classname="se.aftonbladet.abtest.tests.mobile.menu.AbMobileNavTest(20150220-050048)" time="2.554"/>
  <testcase name="goToColumnistsSubPages[Android_4.4.4_SM-N910F_Chrome_UNKNOWN]" classname="se.aftonbladet.abtest.tests.mobile.menu.AbMobileNavTest(20150220-050048)" time="18.567"/>
  <testcase name="goToCultureSubPages[Android_4.4.4_GT-I9305_Chrome_UNKNOWN]" classname="se.aftonbladet.abtest.tests.mobile.menu.AbMobileNavTest(20150220-050048)" time="16.309"/>
  <testcase name="goToCultureSubPages[Android_4.4.2_GT-I9505_Chrome_UNKNOWN]" classname="se.aftonbladet.abtest.tests.mobile.menu.AbMobileNavTest(20150220-050048)" time="1.457"/>
  <testcase name="goToAboutAftonbladetPage[Android_4.4.4_GT-I9305_Chrome_UNKNOWN]" classname="se.aftonbladet.abtest.tests.mobile.menu.AbMobileNavTest(20150220-050048)" time="8.984"/>
  <testcase name="goToAboutAftonbladetPage[Android_4.4.2_GT-I9505_Chrome_UNKNOWN]" classname="se.aftonbladet.abtest.tests.mobile.menu.AbMobileNavTest(20150220-050048)" time="2.269"/>
  <testcase name="goToBloggarPage[Android_4.4.4_GT-I9305_Chrome_UNKNOWN]" classname="se.aftonbladet.abtest.tests.mobile.menu.AbMobileNavTest(20150220-050048)" time="8.926"/>
  <testcase name="goToBloggarPage[Android_4.4.2_GT-I9505_Chrome_UNKNOWN]" classname="se.aftonbladet.abtest.tests.mobile.menu.AbMobileNavTest(20150220-050048)" time="2.878"/>
  <testcase name="goToCultureSubPages[Android_4.4.4_SM-N910F_Chrome_UNKNOWN]" classname="se.aftonbladet.abtest.tests.mobile.menu.AbMobileNavTest(20150220-050048)" time="5.389"/>
  <testcase name="goToTvPage[Android_4.4.4_GT-I9305_Chrome_UNKNOWN]" classname="se.aftonbladet.abtest.tests.mobile.menu.AbMobileNavTest(20150220-050048)" time="7.572"/>
  <testcase name="goToTvPage[Android_4.4.2_GT-I9505_Chrome_UNKNOWN]" classname="se.aftonbladet.abtest.tests.mobile.menu.AbMobileNavTest(20150220-050048)" time="2.059"/>
  <testcase name="goToAboutAftonbladetPage[Android_4.4.4_SM-N910F_Chrome_UNKNOWN]" classname="se.aftonbladet.abtest.tests.mobile.menu.AbMobileNavTest(20150220-050048)" time="4.324"/>
  <testcase name="goToLeadrePage[Android_4.4.4_GT-I9305_Chrome_UNKNOWN]" classname="se.aftonbladet.abtest.tests.mobile.menu.AbMobileNavTest(20150220-050048)" time="8.128">
    <failure message="expected:&lt;39&gt; but was:&lt;27&gt;" type="java.lang.AssertionError"><![CDATA[java.lang.AssertionError: expected:<39> but was:<27>
	at org.junit.Assert.fail(Assert.java:88)
	at org.junit.Assert.failNotEquals(Assert.java:743)
	at org.junit.Assert.assertEquals(Assert.java:118)
	at org.junit.Assert.assertEquals(Assert.java:555)
	at org.junit.Assert.assertEquals(Assert.java:542)
	at se.aftonbladet.abtest.tests.mobile.menu.AbMobileNavTest.goToLeadrePage(AbMobileNavTest.java:171)
]]></failure>
    <system-out><![CDATA[Driver: AndroidDriver: chrome on ANDROID (a829a944d8c098e2a2e7b9901749ec62)
clickLeftMenuItem pMenuText: Ledare
clickLeftMenuItem pMenuText: Ledare
By: By.xpath: //*[@id='abTopMenuDynamic']/li/a[text()='Ledare' and not(@disabled)]
By: By.xpath: //*[@id='abTopMenuDynamic']/li/a[text()='Ledare' and not(@disabled)]
Try to assert page title: Ledare
Try to assert page title: Ledare
>>>Compare to page title: ledare | aftonbladet
By: By.xpath: //*[@class='abToggle']/div
>>>Compare to page title: ledare | aftonbladet
By: By.xpath: //*[@class='abToggle']/div
]]></system-out>
  </testcase>
  <testcase name="goToLeadrePage[Android_4.4.2_GT-I9505_Chrome_UNKNOWN]" classname="se.aftonbladet.abtest.tests.mobile.menu.AbMobileNavTest(20150220-050048)" time="1.195">
    <failure message="expected:&lt;39&gt; but was:&lt;27&gt;" type="java.lang.AssertionError"><![CDATA[java.lang.AssertionError: expected:<39> but was:<27>
	at org.junit.Assert.fail(Assert.java:88)
	at org.junit.Assert.failNotEquals(Assert.java:743)
	at org.junit.Assert.assertEquals(Assert.java:118)
	at org.junit.Assert.assertEquals(Assert.java:555)
	at org.junit.Assert.assertEquals(Assert.java:542)
	at se.aftonbladet.abtest.tests.mobile.menu.AbMobileNavTest.goToLeadrePage(AbMobileNavTest.java:171)
]]></failure>
    <system-out><![CDATA[Driver: AndroidDriver: chrome on ANDROID (6edfd30b8dd3898396464ef3132b2c0c)
]]></system-out>
  </testcase>
  <testcase name="goToBloggarPage[Android_4.4.4_SM-N910F_Chrome_UNKNOWN]" classname="se.aftonbladet.abtest.tests.mobile.menu.AbMobileNavTest(20150220-050048)" time="4.435"/>
  <testcase name="goToTvPage[Android_4.4.4_SM-N910F_Chrome_UNKNOWN]" classname="se.aftonbladet.abtest.tests.mobile.menu.AbMobileNavTest(20150220-050048)" time="18.154"/>
  <testcase name="goToSportPage[Android_4.4.2_GT-I9505_Chrome_UNKNOWN]" classname="se.aftonbladet.abtest.tests.mobile.menu.AbMobileNavTest(20150220-050048)" time="9.991"/>
  <testcase name="goToSportPage[Android_4.4.4_GT-I9305_Chrome_UNKNOWN]" classname="se.aftonbladet.abtest.tests.mobile.menu.AbMobileNavTest(20150220-050048)" time="3.95"/>
  <testcase name="goToLeadrePage[Android_4.4.4_SM-N910F_Chrome_UNKNOWN]" classname="se.aftonbladet.abtest.tests.mobile.menu.AbMobileNavTest(20150220-050048)" time="1.532">
    <failure message="expected:&lt;39&gt; but was:&lt;27&gt;" type="java.lang.AssertionError"><![CDATA[java.lang.AssertionError: expected:<39> but was:<27>
	at org.junit.Assert.fail(Assert.java:88)
	at org.junit.Assert.failNotEquals(Assert.java:743)
	at org.junit.Assert.assertEquals(Assert.java:118)
	at org.junit.Assert.assertEquals(Assert.java:555)
	at org.junit.Assert.assertEquals(Assert.java:542)
	at se.aftonbladet.abtest.tests.mobile.menu.AbMobileNavTest.goToLeadrePage(AbMobileNavTest.java:171)
]]></failure>
    <system-out><![CDATA[Driver: AndroidDriver: chrome on ANDROID (6edfd30b8dd3898396464ef3132b2c0c)
]]></system-out>
  </testcase>
  <testcase name="goToDebatePage[Android_4.4.2_GT-I9505_Chrome_UNKNOWN]" classname="se.aftonbladet.abtest.tests.mobile.menu.AbMobileNavTest(20150220-050048)" time="9.65">
    <failure message="expected:&lt;39&gt; but was:&lt;27&gt;" type="java.lang.AssertionError"><![CDATA[java.lang.AssertionError: expected:<39> but was:<27>
	at org.junit.Assert.fail(Assert.java:88)
	at org.junit.Assert.failNotEquals(Assert.java:743)
	at org.junit.Assert.assertEquals(Assert.java:118)
	at org.junit.Assert.assertEquals(Assert.java:555)
	at org.junit.Assert.assertEquals(Assert.java:542)
	at se.aftonbladet.abtest.tests.mobile.menu.AbMobileNavTest.goToDebatePage(AbMobileNavTest.java:185)
]]></failure>
    <system-out><![CDATA[Driver: AndroidDriver: chrome on ANDROID (a829a944d8c098e2a2e7b9901749ec62)
clickLeftMenuItem pMenuText: Debatt
By: By.xpath: //*[@id='abTopMenuDynamic']/li/a[text()='Debatt' and not(@disabled)]
clickLeftMenuItem pMenuText: Debatt
Try to assert page title: Debatt
By: By.xpath: //*[@id='abTopMenuDynamic']/li/a[text()='Debatt' and not(@disabled)]
>>>Compare to page title: debatt | aftonbladet
By: By.xpath: //*[@class='abToggle']/div
]]></system-out>
  </testcase>
  <testcase name="goToDebatePage[Android_4.4.4_GT-I9305_Chrome_UNKNOWN]" classname="se.aftonbladet.abtest.tests.mobile.menu.AbMobileNavTest(20150220-050048)" time="2.797">
    <failure message="expected:&lt;39&gt; but was:&lt;27&gt;" type="java.lang.AssertionError"><![CDATA[java.lang.AssertionError: expected:<39> but was:<27>
	at org.junit.Assert.fail(Assert.java:88)
	at org.junit.Assert.failNotEquals(Assert.java:743)
	at org.junit.Assert.assertEquals(Assert.java:118)
	at org.junit.Assert.assertEquals(Assert.java:555)
	at org.junit.Assert.assertEquals(Assert.java:542)
	at se.aftonbladet.abtest.tests.mobile.menu.AbMobileNavTest.goToDebatePage(AbMobileNavTest.java:185)
]]></failure>
    <system-out><![CDATA[Driver: AndroidDriver: chrome on ANDROID (e71b6ba9949d2f6f8b8ee3589b90b122)
Try to assert page title: Debatt
clickLeftMenuItem pMenuText: Sport
>>>Compare to page title: debatt | aftonbladet
By: By.xpath: //*[@class='abToggle']/div
By: By.xpath: //*[@id='abTopMenuDynamic']/li/a[text()='Sport' and not(@disabled)]
]]></system-out>
  </testcase>
  <testcase name="goToNewsPage[Android_4.4.2_GT-I9505_Chrome_UNKNOWN]" classname="se.aftonbladet.abtest.tests.mobile.menu.AbMobileNavTest(20150220-050048)" time="19.586">
    <failure message="expected:&lt;32&gt; but was:&lt;20&gt;" type="java.lang.AssertionError"><![CDATA[java.lang.AssertionError: expected:<32> but was:<20>
	at org.junit.Assert.fail(Assert.java:88)
	at org.junit.Assert.failNotEquals(Assert.java:743)
	at org.junit.Assert.assertEquals(Assert.java:118)
	at org.junit.Assert.assertEquals(Assert.java:555)
	at org.junit.Assert.assertEquals(Assert.java:542)
	at se.aftonbladet.abtest.tests.mobile.menu.AbMobileNavTest.goToNewsPage(AbMobileNavTest.java:102)
]]></failure>
    <system-out><![CDATA[Driver: AndroidDriver: chrome on ANDROID (6edfd30b8dd3898396464ef3132b2c0c)
Driver: AndroidDriver: chrome on ANDROID (e71b6ba9949d2f6f8b8ee3589b90b122)
Try to assert page title: Sport
Driver: AndroidDriver: chrome on ANDROID (6edfd30b8dd3898396464ef3132b2c0c)
>>>Compare to page title: sportbladet | aftonbladet
By: By.xpath: //*[@class="abSubNav"]//li/a[text()='Fotboll' and not(@disabled)]
Try to assert page title: Fotboll | Sportbladet
clickLeftMenuItem pMenuText: Nyheter
By: By.xpath: //*[@id='abTopMenuDynamic']/li/a[text()='Nyheter' and not(@disabled)]
clickLeftMenuItem pMenuText: Nyheter
By: By.xpath: //*[@id='abTopMenuDynamic']/li/a[text()='Nyheter' and not(@disabled)]
>>>Compare to page title: fotboll | sportbladet | aftonbladet
By: By.xpath: //*[@class="abSubNav"]//li/a[text()='Hockey' and not(@disabled)]
Try to assert page title: Nyheter
Try to assert page title: Hockey | Sportbladet
>>>Compare to page title: nyheter | aftonbladet
By: By.xpath: //*[@class='abToggle']/div
Try to assert page title: Nyheter
]]></system-out>
  </testcase>
  <testcase name="goToNewsPage[Android_4.4.4_GT-I9305_Chrome_UNKNOWN]" classname="se.aftonbladet.abtest.tests.mobile.menu.AbMobileNavTest(20150220-050048)" time="21.362">
    <failure message="expected:&lt;32&gt; but was:&lt;20&gt;" type="java.lang.AssertionError"><![CDATA[java.lang.AssertionError: expected:<32> but was:<20>
	at org.junit.Assert.fail(Assert.java:88)
	at org.junit.Assert.failNotEquals(Assert.java:743)
	at org.junit.Assert.assertEquals(Assert.java:118)
	at org.junit.Assert.assertEquals(Assert.java:555)
	at org.junit.Assert.assertEquals(Assert.java:542)
	at se.aftonbladet.abtest.tests.mobile.menu.AbMobileNavTest.goToNewsPage(AbMobileNavTest.java:102)
]]></failure>
    <system-out><![CDATA[>>>Compare to page title: nyheter | aftonbladet
>>>Compare to page title: hockey | sportbladet | aftonbladet
By: By.xpath: //*[@class='abToggle']/div
By: By.xpath: //*[@class="abSubNav"]//li/a[text()='Trav' and not(@disabled)]
]]></system-out>
  </testcase>
  <testcase name="goToSportPage[Android_4.4.4_SM-N910F_Chrome_UNKNOWN]" classname="se.aftonbladet.abtest.tests.mobile.menu.AbMobileNavTest(20150220-050048)" time="25.439"/>
  <testcase name="goToDebatePage[Android_4.4.4_SM-N910F_Chrome_UNKNOWN]" classname="se.aftonbladet.abtest.tests.mobile.menu.AbMobileNavTest(20150220-050048)" time="10.053">
    <failure message="expected:&lt;39&gt; but was:&lt;27&gt;" type="java.lang.AssertionError"><![CDATA[java.lang.AssertionError: expected:<39> but was:<27>
	at org.junit.Assert.fail(Assert.java:88)
	at org.junit.Assert.failNotEquals(Assert.java:743)
	at org.junit.Assert.assertEquals(Assert.java:118)
	at org.junit.Assert.assertEquals(Assert.java:555)
	at org.junit.Assert.assertEquals(Assert.java:542)
	at se.aftonbladet.abtest.tests.mobile.menu.AbMobileNavTest.goToDebatePage(AbMobileNavTest.java:185)
]]></failure>
    <system-out><![CDATA[Driver: AndroidDriver: chrome on ANDROID (a829a944d8c098e2a2e7b9901749ec62)
clickLeftMenuItem pMenuText: Debatt
By: By.xpath: //*[@id='abTopMenuDynamic']/li/a[text()='Debatt' and not(@disabled)]
Try to assert page title: Debatt
>>>Compare to page title: debatt | aftonbladet
By: By.xpath: //*[@class='abToggle']/div
]]></system-out>
  </testcase>
  <testcase name="goToNewsPage[Android_4.4.4_SM-N910F_Chrome_UNKNOWN]" classname="se.aftonbladet.abtest.tests.mobile.menu.AbMobileNavTest(20150220-050048)" time="24.301">
    <failure message="expected:&lt;32&gt; but was:&lt;20&gt;" type="java.lang.AssertionError"><![CDATA[java.lang.AssertionError: expected:<32> but was:<20>
	at org.junit.Assert.fail(Assert.java:88)
	at org.junit.Assert.failNotEquals(Assert.java:743)
	at org.junit.Assert.assertEquals(Assert.java:118)
	at org.junit.Assert.assertEquals(Assert.java:555)
	at org.junit.Assert.assertEquals(Assert.java:542)
	at se.aftonbladet.abtest.tests.mobile.menu.AbMobileNavTest.goToNewsPage(AbMobileNavTest.java:102)
]]></failure>
    <system-out><![CDATA[Driver: AndroidDriver: chrome on ANDROID (a829a944d8c098e2a2e7b9901749ec62)
Driver: AndroidDriver: chrome on ANDROID (a829a944d8c098e2a2e7b9901749ec62)
clickLeftMenuItem pMenuText: Nyheter
By: By.xpath: //*[@id='abTopMenuDynamic']/li/a[text()='Nyheter' and not(@disabled)]
Try to assert page title: Nyheter
>>>Compare to page title: nyheter | aftonbladet
By: By.xpath: //*[@class='abToggle']/div
]]></system-out>
  </testcase>
</testsuite>