<?xml version="1.0" encoding="UTF-8"?>
<testsuite name="test.java.se.aftonbladet.mobile.MobileTests(20150219-220054)" time="422.117" tests="42" errors="0" skipped="0" failures="12">
  <properties>
[...]
</properties>
  <testcase name="goToEntertainmentPage[Android_4.4.4_GT-I9305_Chrome_UNKNOWN]" classname="se.aftonbladet.abtest.tests.mobile.menu.AbMobileNavTest(20150219-220054)" time="66.236"/>
  <testcase name="goToEntertainmentPage[Android_4.4.2_GT-I9505_Chrome_UNKNOWN]" classname="se.aftonbladet.abtest.tests.mobile.menu.AbMobileNavTest(20150219-220054)" time="0.549"/>
  <testcase name="goToPlusPage[Android_4.4.4_GT-I9305_Chrome_UNKNOWN]" classname="se.aftonbladet.abtest.tests.mobile.menu.AbMobileNavTest(20150219-220054)" time="11.307"/>
  <testcase name="goToPlusPage[Android_4.4.2_GT-I9505_Chrome_UNKNOWN]" classname="se.aftonbladet.abtest.tests.mobile.menu.AbMobileNavTest(20150219-220054)" time="0.276"/>
  <testcase name="goToEntertainmentPage[Android_4.4.4_SM-N910F_Chrome_UNKNOWN]" classname="se.aftonbladet.abtest.tests.mobile.menu.AbMobileNavTest(20150219-220054)" time="3.314"/>
  <testcase name="goToColumnistsPage[Android_4.4.4_GT-I9305_Chrome_UNKNOWN]" classname="se.aftonbladet.abtest.tests.mobile.menu.AbMobileNavTest(20150219-220054)" time="7.603"/>
  <testcase name="goToColumnistsPage[Android_4.4.2_GT-I9505_Chrome_UNKNOWN]" classname="se.aftonbladet.abtest.tests.mobile.menu.AbMobileNavTest(20150219-220054)" time="0.399"/>
  <testcase name="goToPlusPage[Android_4.4.4_SM-N910F_Chrome_UNKNOWN]" classname="se.aftonbladet.abtest.tests.mobile.menu.AbMobileNavTest(20150219-220054)" time="7.198"/>
  <testcase name="goToColumnistsPage[Android_4.4.4_SM-N910F_Chrome_UNKNOWN]" classname="se.aftonbladet.abtest.tests.mobile.menu.AbMobileNavTest(20150219-220054)" time="14.728"/>
  <testcase name="goToVisaMerSubPages[Android_4.4.4_GT-I9305_Chrome_UNKNOWN]" classname="se.aftonbladet.abtest.tests.mobile.menu.AbMobileNavTest(20150219-220054)" time="18.081"/>
  <testcase name="goToVisaMerSubPages[Android_4.4.2_GT-I9505_Chrome_UNKNOWN]" classname="se.aftonbladet.abtest.tests.mobile.menu.AbMobileNavTest(20150219-220054)" time="1.27"/>
  <testcase name="goToCulturePage[Android_4.4.4_GT-I9305_Chrome_UNKNOWN]" classname="se.aftonbladet.abtest.tests.mobile.menu.AbMobileNavTest(20150219-220054)" time="12.529">
    <failure message="expected:&lt;39&gt; but was:&lt;27&gt;" type="java.lang.AssertionError"><![CDATA[java.lang.AssertionError: expected:<39> but was:<27>
	at org.junit.Assert.fail(Assert.java:88)
	at org.junit.Assert.failNotEquals(Assert.java:743)
	at org.junit.Assert.assertEquals(Assert.java:118)
	at org.junit.Assert.assertEquals(Assert.java:555)
	at org.junit.Assert.assertEquals(Assert.java:542)
	at se.aftonbladet.abtest.tests.mobile.menu.AbMobileNavTest.goToCulturePage(AbMobileNavTest.java:178)
]]></failure>
    <system-out><![CDATA[Driver: AndroidDriver: chrome on ANDROID (1f998e3f838c173af5c6cfacbf2b9034)
By: By.xpath: //*[@id='abTopMenuDynamic']/li/a[text()='Visa mer']/../ul[@class='abMenuSub']/li/a[text()='Bil' and not(@disabled)]
Try to assert page title: Bil
>>>Compare to page title: bil | aftonbladet
clickLeftSubMenuItem MenuText: Visa mer, and SubMenuText: Resa
By: By.xpath: //*[@id='abTopMenuDynamic']/li/a[text()='Visa mer']/../a[text()='Mer' and not(@disabled)]
clickLeftMenuItem pMenuText: Kultur
By: By.xpath: //*[@id='abTopMenuDynamic']/li/a[text()='Visa mer']/../ul[@class='abMenuSub']/li/a[text()='Resa' and not(@disabled)]
By: By.xpath: //*[@id='abTopMenuDynamic']/li/a[text()='Kultur' and not(@disabled)]
clickLeftMenuItem pMenuText: Kultur
Try to assert page title: Resa
By: By.xpath: //*[@id='abTopMenuDynamic']/li/a[text()='Kultur' and not(@disabled)]
Try to assert page title: Kultur
>>>Compare to page title: resa | aftonbladet
clickLeftSubMenuItem MenuText: Visa mer, and SubMenuText: Wellness
>>>Compare to page title: kultur | aftonbladet
By: By.xpath: //*[@class='abToggle']/div
Try to assert page title: Kultur
]]></system-out>
  </testcase>
  <testcase name="goToCulturePage[Android_4.4.2_GT-I9505_Chrome_UNKNOWN]" classname="se.aftonbladet.abtest.tests.mobile.menu.AbMobileNavTest(20150219-220054)" time="1.97">
    <failure message="expected:&lt;39&gt; but was:&lt;27&gt;" type="java.lang.AssertionError"><![CDATA[java.lang.AssertionError: expected:<39> but was:<27>
	at org.junit.Assert.fail(Assert.java:88)
	at org.junit.Assert.failNotEquals(Assert.java:743)
	at org.junit.Assert.assertEquals(Assert.java:118)
	at org.junit.Assert.assertEquals(Assert.java:555)
	at org.junit.Assert.assertEquals(Assert.java:542)
	at se.aftonbladet.abtest.tests.mobile.menu.AbMobileNavTest.goToCulturePage(AbMobileNavTest.java:178)
]]></failure>
    <system-out><![CDATA[Driver: AndroidDriver: chrome on ANDROID (9bf88a2e576320cd4b4ca36a694f8312)
>>>Compare to page title: kultur | aftonbladet
By: By.xpath: //*[@class='abToggle']/div
By: By.xpath: //*[@id='abTopMenuDynamic']/li/a[text()='Visa mer']/../a[text()='Mer' and not(@disabled)]
]]></system-out>
  </testcase>
  <testcase name="goToVisaMerSubPages[Android_4.4.4_SM-N910F_Chrome_UNKNOWN]" classname="se.aftonbladet.abtest.tests.mobile.menu.AbMobileNavTest(20150219-220054)" time="10.993"/>
  <testcase name="goToColumnistsSubPages[Android_4.4.4_GT-I9305_Chrome_UNKNOWN]" classname="se.aftonbladet.abtest.tests.mobile.menu.AbMobileNavTest(20150219-220054)" time="2.174"/>
  <testcase name="goToColumnistsSubPages[Android_4.4.2_GT-I9505_Chrome_UNKNOWN]" classname="se.aftonbladet.abtest.tests.mobile.menu.AbMobileNavTest(20150219-220054)" time="2.56"/>
  <testcase name="goToCulturePage[Android_4.4.4_SM-N910F_Chrome_UNKNOWN]" classname="se.aftonbladet.abtest.tests.mobile.menu.AbMobileNavTest(20150219-220054)" time="12.056">
    <failure message="expected:&lt;39&gt; but was:&lt;27&gt;" type="java.lang.AssertionError"><![CDATA[java.lang.AssertionError: expected:<39> but was:<27>
	at org.junit.Assert.fail(Assert.java:88)
	at org.junit.Assert.failNotEquals(Assert.java:743)
	at org.junit.Assert.assertEquals(Assert.java:118)
	at org.junit.Assert.assertEquals(Assert.java:555)
	at org.junit.Assert.assertEquals(Assert.java:542)
	at se.aftonbladet.abtest.tests.mobile.menu.AbMobileNavTest.goToCulturePage(AbMobileNavTest.java:178)
]]></failure>
    <system-out><![CDATA[Driver: AndroidDriver: chrome on ANDROID (1f998e3f838c173af5c6cfacbf2b9034)
clickLeftSubMenuItem MenuText: Kultur, and SubMenuText: Böcker
clickLeftMenuItem pMenuText: Kultur
By: By.xpath: //*[@id='abTopMenuDynamic']/li/a[text()='Kultur']/../a[text()='Mer' and not(@disabled)]
By: By.xpath: //*[@id='abTopMenuDynamic']/li/a[text()='Kultur' and not(@disabled)]
By: By.xpath: //*[@id='abTopMenuDynamic']/li/a[text()='Kultur']/../ul[@class='abMenuSub']/li/a[text()='Böcker' and not(@disabled)]
clickLeftSubMenuItem MenuText: Kultur, and SubMenuText: Böcker
Try to assert page title: Bokrecensioner
By: By.xpath: //*[@id='abTopMenuDynamic']/li/a[text()='Kultur']/../a[text()='Mer' and not(@disabled)]
>>>Compare to page title: bokrecensioner | kultur | aftonbladet
clickLeftSubMenuItem MenuText: Kultur, and SubMenuText: Konst
By: By.xpath: //*[@id='abTopMenuDynamic']/li/a[text()='Kultur']/../ul[@class='abMenuSub']/li/a[text()='Böcker' and not(@disabled)]
Try to assert page title: Kultur
>>>Compare to page title: kultur | aftonbladet
Try to assert page title: Bokrecensioner
By: By.xpath: //*[@class='abToggle']/div
By: By.xpath: //*[@id='abTopMenuDynamic']/li/a[text()='Kultur']/../a[text()='Mer' and not(@disabled)]
By: By.xpath: //*[@id='abTopMenuDynamic']/li/a[text()='Kultur']/../ul[@class='abMenuSub']/li/a[text()='Konst' and not(@disabled)]
]]></system-out>
  </testcase>
  <testcase name="goToColumnistsSubPages[Android_4.4.4_SM-N910F_Chrome_UNKNOWN]" classname="se.aftonbladet.abtest.tests.mobile.menu.AbMobileNavTest(20150219-220054)" time="21.573"/>
  <testcase name="goToCultureSubPages[Android_4.4.4_GT-I9305_Chrome_UNKNOWN]" classname="se.aftonbladet.abtest.tests.mobile.menu.AbMobileNavTest(20150219-220054)" time="2.427"/>
  <testcase name="goToCultureSubPages[Android_4.4.2_GT-I9505_Chrome_UNKNOWN]" classname="se.aftonbladet.abtest.tests.mobile.menu.AbMobileNavTest(20150219-220054)" time="0.237"/>
  <testcase name="goToAboutAftonbladetPage[Android_4.4.4_GT-I9305_Chrome_UNKNOWN]" classname="se.aftonbladet.abtest.tests.mobile.menu.AbMobileNavTest(20150219-220054)" time="12.475"/>
  <testcase name="goToAboutAftonbladetPage[Android_4.4.2_GT-I9505_Chrome_UNKNOWN]" classname="se.aftonbladet.abtest.tests.mobile.menu.AbMobileNavTest(20150219-220054)" time="0.581"/>
  <testcase name="goToBloggarPage[Android_4.4.4_GT-I9305_Chrome_UNKNOWN]" classname="se.aftonbladet.abtest.tests.mobile.menu.AbMobileNavTest(20150219-220054)" time="11.472"/>
  <testcase name="goToBloggarPage[Android_4.4.2_GT-I9505_Chrome_UNKNOWN]" classname="se.aftonbladet.abtest.tests.mobile.menu.AbMobileNavTest(20150219-220054)" time="0.086"/>
  <testcase name="goToTvPage[Android_4.4.4_GT-I9305_Chrome_UNKNOWN]" classname="se.aftonbladet.abtest.tests.mobile.menu.AbMobileNavTest(20150219-220054)" time="14.816"/>
  <testcase name="goToTvPage[Android_4.4.2_GT-I9505_Chrome_UNKNOWN]" classname="se.aftonbladet.abtest.tests.mobile.menu.AbMobileNavTest(20150219-220054)" time="0.203"/>
  <testcase name="goToCultureSubPages[Android_4.4.4_SM-N910F_Chrome_UNKNOWN]" classname="se.aftonbladet.abtest.tests.mobile.menu.AbMobileNavTest(20150219-220054)" time="2.837"/>
  <testcase name="goToLeadrePage[Android_4.4.2_GT-I9505_Chrome_UNKNOWN]" classname="se.aftonbladet.abtest.tests.mobile.menu.AbMobileNavTest(20150219-220054)" time="10.148">
    <failure message="expected:&lt;39&gt; but was:&lt;27&gt;" type="java.lang.AssertionError"><![CDATA[java.lang.AssertionError: expected:<39> but was:<27>
	at org.junit.Assert.fail(Assert.java:88)
	at org.junit.Assert.failNotEquals(Assert.java:743)
	at org.junit.Assert.assertEquals(Assert.java:118)
	at org.junit.Assert.assertEquals(Assert.java:555)
	at org.junit.Assert.assertEquals(Assert.java:542)
	at se.aftonbladet.abtest.tests.mobile.menu.AbMobileNavTest.goToLeadrePage(AbMobileNavTest.java:171)
]]></failure>
    <system-out><![CDATA[Driver: AndroidDriver: chrome on ANDROID (e77f4f8aaa00cc8846de72830c349348)
clickLeftMenuItem pMenuText: Ledare
clickLeftMenuItem pMenuText: Ledare
By: By.xpath: //*[@id='abTopMenuDynamic']/li/a[text()='Ledare' and not(@disabled)]
By: By.xpath: //*[@id='abTopMenuDynamic']/li/a[text()='Ledare' and not(@disabled)]
Try to assert page title: Ledare
>>>Compare to page title: ledare | aftonbladet
By: By.xpath: //*[@class='abToggle']/div
Try to assert page title: Ledare
clickLeftMenuItem pMenuText: Om Aftonbladet
>>>Compare to page title: ledare | aftonbladet
]]></system-out>
  </testcase>
  <testcase name="goToLeadrePage[Android_4.4.4_GT-I9305_Chrome_UNKNOWN]" classname="se.aftonbladet.abtest.tests.mobile.menu.AbMobileNavTest(20150219-220054)" time="1.05">
    <failure message="expected:&lt;39&gt; but was:&lt;27&gt;" type="java.lang.AssertionError"><![CDATA[java.lang.AssertionError: expected:<39> but was:<27>
	at org.junit.Assert.fail(Assert.java:88)
	at org.junit.Assert.failNotEquals(Assert.java:743)
	at org.junit.Assert.assertEquals(Assert.java:118)
	at org.junit.Assert.assertEquals(Assert.java:555)
	at org.junit.Assert.assertEquals(Assert.java:542)
	at se.aftonbladet.abtest.tests.mobile.menu.AbMobileNavTest.goToLeadrePage(AbMobileNavTest.java:171)
]]></failure>
    <system-out><![CDATA[Driver: AndroidDriver: chrome on ANDROID (1f998e3f838c173af5c6cfacbf2b9034)
By: By.xpath: //*[@class='abToggle']/div
]]></system-out>
  </testcase>
  <testcase name="goToAboutAftonbladetPage[Android_4.4.4_SM-N910F_Chrome_UNKNOWN]" classname="se.aftonbladet.abtest.tests.mobile.menu.AbMobileNavTest(20150219-220054)" time="4.601"/>
  <testcase name="goToBloggarPage[Android_4.4.4_SM-N910F_Chrome_UNKNOWN]" classname="se.aftonbladet.abtest.tests.mobile.menu.AbMobileNavTest(20150219-220054)" time="15.697"/>
  <testcase name="goToSportPage[Android_4.4.2_GT-I9505_Chrome_UNKNOWN]" classname="se.aftonbladet.abtest.tests.mobile.menu.AbMobileNavTest(20150219-220054)" time="14.578"/>
  <testcase name="goToSportPage[Android_4.4.4_GT-I9305_Chrome_UNKNOWN]" classname="se.aftonbladet.abtest.tests.mobile.menu.AbMobileNavTest(20150219-220054)" time="3.498"/>
  <testcase name="goToTvPage[Android_4.4.4_SM-N910F_Chrome_UNKNOWN]" classname="se.aftonbladet.abtest.tests.mobile.menu.AbMobileNavTest(20150219-220054)" time="0.698"/>
  <testcase name="goToDebatePage[Android_4.4.2_GT-I9505_Chrome_UNKNOWN]" classname="se.aftonbladet.abtest.tests.mobile.menu.AbMobileNavTest(20150219-220054)" time="9.326">
    <failure message="expected:&lt;39&gt; but was:&lt;27&gt;" type="java.lang.AssertionError"><![CDATA[java.lang.AssertionError: expected:<39> but was:<27>
	at org.junit.Assert.fail(Assert.java:88)
	at org.junit.Assert.failNotEquals(Assert.java:743)
	at org.junit.Assert.assertEquals(Assert.java:118)
	at org.junit.Assert.assertEquals(Assert.java:555)
	at org.junit.Assert.assertEquals(Assert.java:542)
	at se.aftonbladet.abtest.tests.mobile.menu.AbMobileNavTest.goToDebatePage(AbMobileNavTest.java:185)
]]></failure>
    <system-out><![CDATA[Driver: AndroidDriver: chrome on ANDROID (e77f4f8aaa00cc8846de72830c349348)
clickLeftMenuItem pMenuText: Debatt
By: By.xpath: //*[@id='abTopMenuDynamic']/li/a[text()='Debatt' and not(@disabled)]
clickLeftMenuItem pMenuText: Debatt
By: By.xpath: //*[@id='abTopMenuDynamic']/li/a[text()='Debatt' and not(@disabled)]
Try to assert page title: Debatt
>>>Compare to page title: debatt | aftonbladet
Try to assert page title: Debatt
By: By.xpath: //*[@class='abToggle']/div
]]></system-out>
  </testcase>
  <testcase name="goToDebatePage[Android_4.4.4_GT-I9305_Chrome_UNKNOWN]" classname="se.aftonbladet.abtest.tests.mobile.menu.AbMobileNavTest(20150219-220054)" time="1.603">
    <failure message="expected:&lt;39&gt; but was:&lt;27&gt;" type="java.lang.AssertionError"><![CDATA[java.lang.AssertionError: expected:<39> but was:<27>
	at org.junit.Assert.fail(Assert.java:88)
	at org.junit.Assert.failNotEquals(Assert.java:743)
	at org.junit.Assert.assertEquals(Assert.java:118)
	at org.junit.Assert.assertEquals(Assert.java:555)
	at org.junit.Assert.assertEquals(Assert.java:542)
	at se.aftonbladet.abtest.tests.mobile.menu.AbMobileNavTest.goToDebatePage(AbMobileNavTest.java:185)
]]></failure>
    <system-out><![CDATA[Driver: AndroidDriver: chrome on ANDROID (1f998e3f838c173af5c6cfacbf2b9034)
>>>Compare to page title: debatt | aftonbladet
By: By.xpath: //*[@class='abToggle']/div
clickLeftMenuItem pMenuText: Ledare
]]></system-out>
  </testcase>
  <testcase name="goToLeadrePage[Android_4.4.4_SM-N910F_Chrome_UNKNOWN]" classname="se.aftonbladet.abtest.tests.mobile.menu.AbMobileNavTest(20150219-220054)" time="6.678">
    <failure message="expected:&lt;39&gt; but was:&lt;27&gt;" type="java.lang.AssertionError"><![CDATA[java.lang.AssertionError: expected:<39> but was:<27>
	at org.junit.Assert.fail(Assert.java:88)
	at org.junit.Assert.failNotEquals(Assert.java:743)
	at org.junit.Assert.assertEquals(Assert.java:118)
	at org.junit.Assert.assertEquals(Assert.java:555)
	at org.junit.Assert.assertEquals(Assert.java:542)
	at se.aftonbladet.abtest.tests.mobile.menu.AbMobileNavTest.goToLeadrePage(AbMobileNavTest.java:171)
]]></failure>
    <system-out><![CDATA[Driver: AndroidDriver: chrome on ANDROID (9bf88a2e576320cd4b4ca36a694f8312)
By: By.xpath: //*[@id='abTopMenuDynamic']/li/a[text()='Ledare' and not(@disabled)]
Try to assert page title: Ledare
>>>Compare to page title: ledare | aftonbladet
By: By.xpath: //*[@class='abToggle']/div
Driver: AndroidDriver: chrome on ANDROID (1f998e3f838c173af5c6cfacbf2b9034)
]]></system-out>
  </testcase>
  <testcase name="goToNewsPage[Android_4.4.2_GT-I9505_Chrome_UNKNOWN]" classname="se.aftonbladet.abtest.tests.mobile.menu.AbMobileNavTest(20150219-220054)" time="11.935">
    <failure message="expected:&lt;32&gt; but was:&lt;20&gt;" type="java.lang.AssertionError"><![CDATA[java.lang.AssertionError: expected:<32> but was:<20>
	at org.junit.Assert.fail(Assert.java:88)
	at org.junit.Assert.failNotEquals(Assert.java:743)
	at org.junit.Assert.assertEquals(Assert.java:118)
	at org.junit.Assert.assertEquals(Assert.java:555)
	at org.junit.Assert.assertEquals(Assert.java:542)
	at se.aftonbladet.abtest.tests.mobile.menu.AbMobileNavTest.goToNewsPage(AbMobileNavTest.java:102)
]]></failure>
    <system-out><![CDATA[Driver: AndroidDriver: chrome on ANDROID (e77f4f8aaa00cc8846de72830c349348)
Driver: AndroidDriver: chrome on ANDROID (9bf88a2e576320cd4b4ca36a694f8312)
clickLeftMenuItem pMenuText: Nyheter
By: By.xpath: //*[@id='abTopMenuDynamic']/li/a[text()='Nyheter' and not(@disabled)]
clickLeftMenuItem pMenuText: Sport
clickLeftMenuItem pMenuText: Nyheter
By: By.xpath: //*[@id='abTopMenuDynamic']/li/a[text()='Sport' and not(@disabled)]
Try to assert page title: Nyheter
By: By.xpath: //*[@id='abTopMenuDynamic']/li/a[text()='Nyheter' and not(@disabled)]
>>>Compare to page title: nyheter | aftonbladet
By: By.xpath: //*[@class='abToggle']/div
]]></system-out>
  </testcase>
  <testcase name="goToNewsPage[Android_4.4.4_GT-I9305_Chrome_UNKNOWN]" classname="se.aftonbladet.abtest.tests.mobile.menu.AbMobileNavTest(20150219-220054)" time="17.06">
    <failure message="expected:&lt;32&gt; but was:&lt;20&gt;" type="java.lang.AssertionError"><![CDATA[java.lang.AssertionError: expected:<32> but was:<20>
	at org.junit.Assert.fail(Assert.java:88)
	at org.junit.Assert.failNotEquals(Assert.java:743)
	at org.junit.Assert.assertEquals(Assert.java:118)
	at org.junit.Assert.assertEquals(Assert.java:555)
	at org.junit.Assert.assertEquals(Assert.java:542)
	at se.aftonbladet.abtest.tests.mobile.menu.AbMobileNavTest.goToNewsPage(AbMobileNavTest.java:102)
]]></failure>
    <system-out><![CDATA[Try to assert page title: Nyheter
Try to assert page title: Sport
>>>Compare to page title: nyheter | aftonbladet
By: By.xpath: //*[@class='abToggle']/div
]]></system-out>
  </testcase>
  <testcase name="goToSportPage[Android_4.4.4_SM-N910F_Chrome_UNKNOWN]" classname="se.aftonbladet.abtest.tests.mobile.menu.AbMobileNavTest(20150219-220054)" time="42.65"/>
  <testcase name="goToDebatePage[Android_4.4.4_SM-N910F_Chrome_UNKNOWN]" classname="se.aftonbladet.abtest.tests.mobile.menu.AbMobileNavTest(20150219-220054)" time="15.806">
    <failure message="expected:&lt;39&gt; but was:&lt;27&gt;" type="java.lang.AssertionError"><![CDATA[java.lang.AssertionError: expected:<39> but was:<27>
	at org.junit.Assert.fail(Assert.java:88)
	at org.junit.Assert.failNotEquals(Assert.java:743)
	at org.junit.Assert.assertEquals(Assert.java:118)
	at org.junit.Assert.assertEquals(Assert.java:555)
	at org.junit.Assert.assertEquals(Assert.java:542)
	at se.aftonbladet.abtest.tests.mobile.menu.AbMobileNavTest.goToDebatePage(AbMobileNavTest.java:185)
]]></failure>
    <system-out><![CDATA[Driver: AndroidDriver: chrome on ANDROID (e77f4f8aaa00cc8846de72830c349348)
clickLeftMenuItem pMenuText: Debatt
By: By.xpath: //*[@id='abTopMenuDynamic']/li/a[text()='Debatt' and not(@disabled)]
Try to assert page title: Debatt
>>>Compare to page title: debatt | aftonbladet
By: By.xpath: //*[@class='abToggle']/div
]]></system-out>
  </testcase>
  <testcase name="goToNewsPage[Android_4.4.4_SM-N910F_Chrome_UNKNOWN]" classname="se.aftonbladet.abtest.tests.mobile.menu.AbMobileNavTest(20150219-220054)" time="26.839">
    <failure message="expected:&lt;32&gt; but was:&lt;20&gt;" type="java.lang.AssertionError"><![CDATA[java.lang.AssertionError: expected:<32> but was:<20>
	at org.junit.Assert.fail(Assert.java:88)
	at org.junit.Assert.failNotEquals(Assert.java:743)
	at org.junit.Assert.assertEquals(Assert.java:118)
	at org.junit.Assert.assertEquals(Assert.java:555)
	at org.junit.Assert.assertEquals(Assert.java:542)
	at se.aftonbladet.abtest.tests.mobile.menu.AbMobileNavTest.goToNewsPage(AbMobileNavTest.java:102)
]]></failure>
    <system-out><![CDATA[Driver: AndroidDriver: chrome on ANDROID (e77f4f8aaa00cc8846de72830c349348)
Driver: AndroidDriver: chrome on ANDROID (e77f4f8aaa00cc8846de72830c349348)
clickLeftMenuItem pMenuText: Nyheter
By: By.xpath: //*[@id='abTopMenuDynamic']/li/a[text()='Nyheter' and not(@disabled)]
Try to assert page title: Nyheter
>>>Compare to page title: nyheter | aftonbladet
By: By.xpath: //*[@class='abToggle']/div
]]></system-out>
  </testcase>
</testsuite>