<?xml version="1.0" encoding="UTF-8"?>
<testsuite name="test.java.se.aftonbladet.mobile.MobileTests(20150219-180046)" time="417.885" tests="42" errors="0" skipped="0" failures="12">
  <properties>
[...]
</properties>
  <testcase name="goToEntertainmentPage[Android_4.4.2_GT-I9505_Chrome_UNKNOWN]" classname="se.aftonbladet.abtest.tests.mobile.menu.AbMobileNavTest(20150219-180046)" time="65.006"/>
  <testcase name="goToEntertainmentPage[Android_4.4.4_SM-N910F_Chrome_UNKNOWN]" classname="se.aftonbladet.abtest.tests.mobile.menu.AbMobileNavTest(20150219-180046)" time="0.899"/>
  <testcase name="goToEntertainmentPage[Android_4.4.4_GT-I9305_Chrome_UNKNOWN]" classname="se.aftonbladet.abtest.tests.mobile.menu.AbMobileNavTest(20150219-180046)" time="0.684"/>
  <testcase name="goToPlusPage[Android_4.4.4_GT-I9305_Chrome_UNKNOWN]" classname="se.aftonbladet.abtest.tests.mobile.menu.AbMobileNavTest(20150219-180046)" time="10.686"/>
  <testcase name="goToPlusPage[Android_4.4.2_GT-I9505_Chrome_UNKNOWN]" classname="se.aftonbladet.abtest.tests.mobile.menu.AbMobileNavTest(20150219-180046)" time="0.386"/>
  <testcase name="goToPlusPage[Android_4.4.4_SM-N910F_Chrome_UNKNOWN]" classname="se.aftonbladet.abtest.tests.mobile.menu.AbMobileNavTest(20150219-180046)" time="3.575"/>
  <testcase name="goToColumnistsPage[Android_4.4.4_GT-I9305_Chrome_UNKNOWN]" classname="se.aftonbladet.abtest.tests.mobile.menu.AbMobileNavTest(20150219-180046)" time="8.09"/>
  <testcase name="goToColumnistsPage[Android_4.4.2_GT-I9505_Chrome_UNKNOWN]" classname="se.aftonbladet.abtest.tests.mobile.menu.AbMobileNavTest(20150219-180046)" time="2.583"/>
  <testcase name="goToColumnistsPage[Android_4.4.4_SM-N910F_Chrome_UNKNOWN]" classname="se.aftonbladet.abtest.tests.mobile.menu.AbMobileNavTest(20150219-180046)" time="3.106"/>
  <testcase name="goToVisaMerSubPages[Android_4.4.2_GT-I9505_Chrome_UNKNOWN]" classname="se.aftonbladet.abtest.tests.mobile.menu.AbMobileNavTest(20150219-180046)" time="33.125"/>
  <testcase name="goToVisaMerSubPages[Android_4.4.4_GT-I9305_Chrome_UNKNOWN]" classname="se.aftonbladet.abtest.tests.mobile.menu.AbMobileNavTest(20150219-180046)" time="1.538"/>
  <testcase name="goToVisaMerSubPages[Android_4.4.4_SM-N910F_Chrome_UNKNOWN]" classname="se.aftonbladet.abtest.tests.mobile.menu.AbMobileNavTest(20150219-180046)" time="9.105"/>
  <testcase name="goToCulturePage[Android_4.4.2_GT-I9505_Chrome_UNKNOWN]" classname="se.aftonbladet.abtest.tests.mobile.menu.AbMobileNavTest(20150219-180046)" time="4.363">
    <failure message="expected:&lt;39&gt; but was:&lt;27&gt;" type="java.lang.AssertionError"><![CDATA[java.lang.AssertionError: expected:<39> but was:<27>
	at org.junit.Assert.fail(Assert.java:88)
	at org.junit.Assert.failNotEquals(Assert.java:743)
	at org.junit.Assert.assertEquals(Assert.java:118)
	at org.junit.Assert.assertEquals(Assert.java:555)
	at org.junit.Assert.assertEquals(Assert.java:542)
	at se.aftonbladet.abtest.tests.mobile.menu.AbMobileNavTest.goToCulturePage(AbMobileNavTest.java:178)
]]></failure>
    <system-out><![CDATA[Driver: AndroidDriver: chrome on ANDROID (0195041991c457c53dc3feb418f93048)
By: By.xpath: //*[@id='abTopMenuDynamic']/li/a[text()='Kultur' and not(@disabled)]
Try to assert page title: Kultur
>>>Compare to page title: kultur | aftonbladet
Try to assert page title: Kultur
By: By.xpath: //*[@class='abToggle']/div
>>>Compare to page title: kultur | aftonbladet
By: By.xpath: //*[@class='abToggle']/div
]]></system-out>
  </testcase>
  <testcase name="goToCulturePage[Android_4.4.4_GT-I9305_Chrome_UNKNOWN]" classname="se.aftonbladet.abtest.tests.mobile.menu.AbMobileNavTest(20150219-180046)" time="0.818">
    <failure message="expected:&lt;39&gt; but was:&lt;27&gt;" type="java.lang.AssertionError"><![CDATA[java.lang.AssertionError: expected:<39> but was:<27>
	at org.junit.Assert.fail(Assert.java:88)
	at org.junit.Assert.failNotEquals(Assert.java:743)
	at org.junit.Assert.assertEquals(Assert.java:118)
	at org.junit.Assert.assertEquals(Assert.java:555)
	at org.junit.Assert.assertEquals(Assert.java:542)
	at se.aftonbladet.abtest.tests.mobile.menu.AbMobileNavTest.goToCulturePage(AbMobileNavTest.java:178)
]]></failure>
    <system-out><![CDATA[Driver: AndroidDriver: chrome on ANDROID (29792524bb0ae4aa79bd492d9b7d9896)
]]></system-out>
  </testcase>
  <testcase name="goToCulturePage[Android_4.4.4_SM-N910F_Chrome_UNKNOWN]" classname="se.aftonbladet.abtest.tests.mobile.menu.AbMobileNavTest(20150219-180046)" time="10.862">
    <failure message="expected:&lt;39&gt; but was:&lt;27&gt;" type="java.lang.AssertionError"><![CDATA[java.lang.AssertionError: expected:<39> but was:<27>
	at org.junit.Assert.fail(Assert.java:88)
	at org.junit.Assert.failNotEquals(Assert.java:743)
	at org.junit.Assert.assertEquals(Assert.java:118)
	at org.junit.Assert.assertEquals(Assert.java:555)
	at org.junit.Assert.assertEquals(Assert.java:542)
	at se.aftonbladet.abtest.tests.mobile.menu.AbMobileNavTest.goToCulturePage(AbMobileNavTest.java:178)
]]></failure>
    <system-out><![CDATA[Driver: AndroidDriver: chrome on ANDROID (09e8419f2b1434697f35ac9d9c526716)
clickLeftMenuItem pMenuText: Kultur
By: By.xpath: //*[@id='abTopMenuDynamic']/li/a[text()='Kultur' and not(@disabled)]
clickLeftSubMenuItem MenuText: Kolumnister, and SubMenuText: Robert Aschberg
By: By.xpath: //*[@id='abTopMenuDynamic']/li/a[text()='Kolumnister']/../a[text()='Mer' and not(@disabled)]
clickLeftSubMenuItem MenuText: Kolumnister, and SubMenuText: Robert Aschberg
Try to assert page title: Kultur
By: By.xpath: //*[@id='abTopMenuDynamic']/li/a[text()='Kolumnister']/../ul[@class='abMenuSub']/li/a[text()='Robert Aschberg' and not(@disabled)]
>>>Compare to page title: kultur | aftonbladet
By: By.xpath: //*[@id='abTopMenuDynamic']/li/a[text()='Kolumnister']/../a[text()='Mer' and not(@disabled)]
By: By.xpath: //*[@class='abToggle']/div
Try to assert page title: Aschberg
By: By.xpath: //*[@id='abTopMenuDynamic']/li/a[text()='Kolumnister']/../ul[@class='abMenuSub']/li/a[text()='Robert Aschberg' and not(@disabled)]
]]></system-out>
  </testcase>
  <testcase name="goToColumnistsSubPages[Android_4.4.2_GT-I9505_Chrome_UNKNOWN]" classname="se.aftonbladet.abtest.tests.mobile.menu.AbMobileNavTest(20150219-180046)" time="4.699"/>
  <testcase name="goToColumnistsSubPages[Android_4.4.4_GT-I9305_Chrome_UNKNOWN]" classname="se.aftonbladet.abtest.tests.mobile.menu.AbMobileNavTest(20150219-180046)" time="1.352"/>
  <testcase name="goToColumnistsSubPages[Android_4.4.4_SM-N910F_Chrome_UNKNOWN]" classname="se.aftonbladet.abtest.tests.mobile.menu.AbMobileNavTest(20150219-180046)" time="14.226"/>
  <testcase name="goToCultureSubPages[Android_4.4.4_GT-I9305_Chrome_UNKNOWN]" classname="se.aftonbladet.abtest.tests.mobile.menu.AbMobileNavTest(20150219-180046)" time="21.25"/>
  <testcase name="goToCultureSubPages[Android_4.4.2_GT-I9505_Chrome_UNKNOWN]" classname="se.aftonbladet.abtest.tests.mobile.menu.AbMobileNavTest(20150219-180046)" time="0.006"/>
  <testcase name="goToAboutAftonbladetPage[Android_4.4.2_GT-I9505_Chrome_UNKNOWN]" classname="se.aftonbladet.abtest.tests.mobile.menu.AbMobileNavTest(20150219-180046)" time="11.379"/>
  <testcase name="goToAboutAftonbladetPage[Android_4.4.4_GT-I9305_Chrome_UNKNOWN]" classname="se.aftonbladet.abtest.tests.mobile.menu.AbMobileNavTest(20150219-180046)" time="0.094"/>
  <testcase name="goToBloggarPage[Android_4.4.2_GT-I9505_Chrome_UNKNOWN]" classname="se.aftonbladet.abtest.tests.mobile.menu.AbMobileNavTest(20150219-180046)" time="11.406"/>
  <testcase name="goToBloggarPage[Android_4.4.4_GT-I9305_Chrome_UNKNOWN]" classname="se.aftonbladet.abtest.tests.mobile.menu.AbMobileNavTest(20150219-180046)" time="0.394"/>
  <testcase name="goToCultureSubPages[Android_4.4.4_SM-N910F_Chrome_UNKNOWN]" classname="se.aftonbladet.abtest.tests.mobile.menu.AbMobileNavTest(20150219-180046)" time="1.391"/>
  <testcase name="goToTvPage[Android_4.4.2_GT-I9505_Chrome_UNKNOWN]" classname="se.aftonbladet.abtest.tests.mobile.menu.AbMobileNavTest(20150219-180046)" time="13.06"/>
  <testcase name="goToTvPage[Android_4.4.4_GT-I9305_Chrome_UNKNOWN]" classname="se.aftonbladet.abtest.tests.mobile.menu.AbMobileNavTest(20150219-180046)" time="0.418"/>
  <testcase name="goToAboutAftonbladetPage[Android_4.4.4_SM-N910F_Chrome_UNKNOWN]" classname="se.aftonbladet.abtest.tests.mobile.menu.AbMobileNavTest(20150219-180046)" time="0.412"/>
  <testcase name="goToLeadrePage[Android_4.4.4_GT-I9305_Chrome_UNKNOWN]" classname="se.aftonbladet.abtest.tests.mobile.menu.AbMobileNavTest(20150219-180046)" time="12.93">
    <failure message="expected:&lt;39&gt; but was:&lt;27&gt;" type="java.lang.AssertionError"><![CDATA[java.lang.AssertionError: expected:<39> but was:<27>
	at org.junit.Assert.fail(Assert.java:88)
	at org.junit.Assert.failNotEquals(Assert.java:743)
	at org.junit.Assert.assertEquals(Assert.java:118)
	at org.junit.Assert.assertEquals(Assert.java:555)
	at org.junit.Assert.assertEquals(Assert.java:542)
	at se.aftonbladet.abtest.tests.mobile.menu.AbMobileNavTest.goToLeadrePage(AbMobileNavTest.java:171)
]]></failure>
    <system-out><![CDATA[Driver: AndroidDriver: chrome on ANDROID (0195041991c457c53dc3feb418f93048)
clickLeftMenuItem pMenuText: Ledare
clickLeftMenuItem pMenuText: Ledare
By: By.xpath: //*[@id='abTopMenuDynamic']/li/a[text()='Ledare' and not(@disabled)]
By: By.xpath: //*[@id='abTopMenuDynamic']/li/a[text()='Ledare' and not(@disabled)]
By: By.xpath: //*[@id='abTopMenuDynamic']/li/a[text()='Bloggar' and not(@disabled)]
Try to assert page title: Ledare
Try to assert page title: Ledare
>>>Compare to page title: ledare | aftonbladet
>>>Compare to page title: ledare | aftonbladet
By: By.xpath: //*[@class='abToggle']/div
By: By.xpath: //*[@class='abToggle']/div
]]></system-out>
  </testcase>
  <testcase name="goToLeadrePage[Android_4.4.2_GT-I9505_Chrome_UNKNOWN]" classname="se.aftonbladet.abtest.tests.mobile.menu.AbMobileNavTest(20150219-180046)" time="0.658">
    <failure message="expected:&lt;39&gt; but was:&lt;27&gt;" type="java.lang.AssertionError"><![CDATA[java.lang.AssertionError: expected:<39> but was:<27>
	at org.junit.Assert.fail(Assert.java:88)
	at org.junit.Assert.failNotEquals(Assert.java:743)
	at org.junit.Assert.assertEquals(Assert.java:118)
	at org.junit.Assert.assertEquals(Assert.java:555)
	at org.junit.Assert.assertEquals(Assert.java:542)
	at se.aftonbladet.abtest.tests.mobile.menu.AbMobileNavTest.goToLeadrePage(AbMobileNavTest.java:171)
]]></failure>
    <system-out><![CDATA[Driver: AndroidDriver: chrome on ANDROID (09e8419f2b1434697f35ac9d9c526716)
Try to assert page title: Aftonbladets bloggar
]]></system-out>
  </testcase>
  <testcase name="goToBloggarPage[Android_4.4.4_SM-N910F_Chrome_UNKNOWN]" classname="se.aftonbladet.abtest.tests.mobile.menu.AbMobileNavTest(20150219-180046)" time="0.045"/>
  <testcase name="goToTvPage[Android_4.4.4_SM-N910F_Chrome_UNKNOWN]" classname="se.aftonbladet.abtest.tests.mobile.menu.AbMobileNavTest(20150219-180046)" time="17.918"/>
  <testcase name="goToSportPage[Android_4.4.2_GT-I9505_Chrome_UNKNOWN]" classname="se.aftonbladet.abtest.tests.mobile.menu.AbMobileNavTest(20150219-180046)" time="16.078"/>
  <testcase name="goToLeadrePage[Android_4.4.4_SM-N910F_Chrome_UNKNOWN]" classname="se.aftonbladet.abtest.tests.mobile.menu.AbMobileNavTest(20150219-180046)" time="0.303">
    <failure message="expected:&lt;39&gt; but was:&lt;27&gt;" type="java.lang.AssertionError"><![CDATA[java.lang.AssertionError: expected:<39> but was:<27>
	at org.junit.Assert.fail(Assert.java:88)
	at org.junit.Assert.failNotEquals(Assert.java:743)
	at org.junit.Assert.assertEquals(Assert.java:118)
	at org.junit.Assert.assertEquals(Assert.java:555)
	at org.junit.Assert.assertEquals(Assert.java:542)
	at se.aftonbladet.abtest.tests.mobile.menu.AbMobileNavTest.goToLeadrePage(AbMobileNavTest.java:171)
]]></failure>
    <system-out><![CDATA[Driver: AndroidDriver: chrome on ANDROID (29792524bb0ae4aa79bd492d9b7d9896)
]]></system-out>
  </testcase>
  <testcase name="goToSportPage[Android_4.4.4_GT-I9305_Chrome_UNKNOWN]" classname="se.aftonbladet.abtest.tests.mobile.menu.AbMobileNavTest(20150219-180046)" time="1.24"/>
  <testcase name="goToDebatePage[Android_4.4.2_GT-I9505_Chrome_UNKNOWN]" classname="se.aftonbladet.abtest.tests.mobile.menu.AbMobileNavTest(20150219-180046)" time="13.031">
    <failure message="expected:&lt;39&gt; but was:&lt;27&gt;" type="java.lang.AssertionError"><![CDATA[java.lang.AssertionError: expected:<39> but was:<27>
	at org.junit.Assert.fail(Assert.java:88)
	at org.junit.Assert.failNotEquals(Assert.java:743)
	at org.junit.Assert.assertEquals(Assert.java:118)
	at org.junit.Assert.assertEquals(Assert.java:555)
	at org.junit.Assert.assertEquals(Assert.java:542)
	at se.aftonbladet.abtest.tests.mobile.menu.AbMobileNavTest.goToDebatePage(AbMobileNavTest.java:185)
]]></failure>
    <system-out><![CDATA[Driver: AndroidDriver: chrome on ANDROID (09e8419f2b1434697f35ac9d9c526716)
clickLeftMenuItem pMenuText: Debatt
clickLeftMenuItem pMenuText: Debatt
By: By.xpath: //*[@id='abTopMenuDynamic']/li/a[text()='Debatt' and not(@disabled)]
clickLeftMenuItem pMenuText: Sport
By: By.xpath: //*[@id='abTopMenuDynamic']/li/a[text()='Debatt' and not(@disabled)]
By: By.xpath: //*[@id='abTopMenuDynamic']/li/a[text()='Sport' and not(@disabled)]
Try to assert page title: Debatt
>>>Compare to page title: debatt | aftonbladet
Try to assert page title: Debatt
By: By.xpath: //*[@class='abToggle']/div
>>>Compare to page title: debatt | aftonbladet
By: By.xpath: //*[@class='abToggle']/div
]]></system-out>
  </testcase>
  <testcase name="goToDebatePage[Android_4.4.4_GT-I9305_Chrome_UNKNOWN]" classname="se.aftonbladet.abtest.tests.mobile.menu.AbMobileNavTest(20150219-180046)" time="1.14">
    <failure message="expected:&lt;39&gt; but was:&lt;27&gt;" type="java.lang.AssertionError"><![CDATA[java.lang.AssertionError: expected:<39> but was:<27>
	at org.junit.Assert.fail(Assert.java:88)
	at org.junit.Assert.failNotEquals(Assert.java:743)
	at org.junit.Assert.assertEquals(Assert.java:118)
	at org.junit.Assert.assertEquals(Assert.java:555)
	at org.junit.Assert.assertEquals(Assert.java:542)
	at se.aftonbladet.abtest.tests.mobile.menu.AbMobileNavTest.goToDebatePage(AbMobileNavTest.java:185)
]]></failure>
    <system-out><![CDATA[Driver: AndroidDriver: chrome on ANDROID (29792524bb0ae4aa79bd492d9b7d9896)
]]></system-out>
  </testcase>
  <testcase name="goToNewsPage[Android_4.4.2_GT-I9505_Chrome_UNKNOWN]" classname="se.aftonbladet.abtest.tests.mobile.menu.AbMobileNavTest(20150219-180046)" time="23.17">
    <failure message="expected:&lt;32&gt; but was:&lt;20&gt;" type="java.lang.AssertionError"><![CDATA[java.lang.AssertionError: expected:<32> but was:<20>
	at org.junit.Assert.fail(Assert.java:88)
	at org.junit.Assert.failNotEquals(Assert.java:743)
	at org.junit.Assert.assertEquals(Assert.java:118)
	at org.junit.Assert.assertEquals(Assert.java:555)
	at org.junit.Assert.assertEquals(Assert.java:542)
	at se.aftonbladet.abtest.tests.mobile.menu.AbMobileNavTest.goToNewsPage(AbMobileNavTest.java:102)
]]></failure>
    <system-out><![CDATA[Driver: AndroidDriver: chrome on ANDROID (09e8419f2b1434697f35ac9d9c526716)
Try to assert page title: Sport
>>>Compare to page title: sportbladet | aftonbladet
By: By.xpath: //*[@class="abSubNav"]//li/a[text()='Fotboll' and not(@disabled)]
Try to assert page title: Fotboll | Sportbladet
Driver: AndroidDriver: chrome on ANDROID (29792524bb0ae4aa79bd492d9b7d9896)
Driver: AndroidDriver: chrome on ANDROID (09e8419f2b1434697f35ac9d9c526716)
>>>Compare to page title: fotboll | sportbladet | aftonbladet
By: By.xpath: //*[@class="abSubNav"]//li/a[text()='Hockey' and not(@disabled)]
Try to assert page title: Hockey | Sportbladet
clickLeftMenuItem pMenuText: Nyheter
clickLeftMenuItem pMenuText: Nyheter
By: By.xpath: //*[@id='abTopMenuDynamic']/li/a[text()='Nyheter' and not(@disabled)]
By: By.xpath: //*[@id='abTopMenuDynamic']/li/a[text()='Nyheter' and not(@disabled)]
>>>Compare to page title: hockey | sportbladet | aftonbladet
By: By.xpath: //*[@class="abSubNav"]//li/a[text()='Trav' and not(@disabled)]
Try to assert page title: Nyheter
>>>Compare to page title: nyheter | aftonbladet
Try to assert page title: Nyheter
By: By.xpath: //*[@class='abToggle']/div
>>>Compare to page title: nyheter | aftonbladet
By: By.xpath: //*[@class='abToggle']/div
]]></system-out>
  </testcase>
  <testcase name="goToNewsPage[Android_4.4.4_GT-I9305_Chrome_UNKNOWN]" classname="se.aftonbladet.abtest.tests.mobile.menu.AbMobileNavTest(20150219-180046)" time="23.526">
    <failure message="expected:&lt;32&gt; but was:&lt;20&gt;" type="java.lang.AssertionError"><![CDATA[java.lang.AssertionError: expected:<32> but was:<20>
	at org.junit.Assert.fail(Assert.java:88)
	at org.junit.Assert.failNotEquals(Assert.java:743)
	at org.junit.Assert.assertEquals(Assert.java:118)
	at org.junit.Assert.assertEquals(Assert.java:555)
	at org.junit.Assert.assertEquals(Assert.java:542)
	at se.aftonbladet.abtest.tests.mobile.menu.AbMobileNavTest.goToNewsPage(AbMobileNavTest.java:102)
]]></failure>
  </testcase>
  <testcase name="goToSportPage[Android_4.4.4_SM-N910F_Chrome_UNKNOWN]" classname="se.aftonbladet.abtest.tests.mobile.menu.AbMobileNavTest(20150219-180046)" time="27.677"/>
  <testcase name="goToDebatePage[Android_4.4.4_SM-N910F_Chrome_UNKNOWN]" classname="se.aftonbladet.abtest.tests.mobile.menu.AbMobileNavTest(20150219-180046)" time="16.778">
    <failure message="expected:&lt;39&gt; but was:&lt;27&gt;" type="java.lang.AssertionError"><![CDATA[java.lang.AssertionError: expected:<39> but was:<27>
	at org.junit.Assert.fail(Assert.java:88)
	at org.junit.Assert.failNotEquals(Assert.java:743)
	at org.junit.Assert.assertEquals(Assert.java:118)
	at org.junit.Assert.assertEquals(Assert.java:555)
	at org.junit.Assert.assertEquals(Assert.java:542)
	at se.aftonbladet.abtest.tests.mobile.menu.AbMobileNavTest.goToDebatePage(AbMobileNavTest.java:185)
]]></failure>
    <system-out><![CDATA[Driver: AndroidDriver: chrome on ANDROID (0195041991c457c53dc3feb418f93048)
clickLeftMenuItem pMenuText: Debatt
By: By.xpath: //*[@id='abTopMenuDynamic']/li/a[text()='Debatt' and not(@disabled)]
Try to assert page title: Debatt
>>>Compare to page title: debatt | aftonbladet
By: By.xpath: //*[@class='abToggle']/div
]]></system-out>
  </testcase>
  <testcase name="goToNewsPage[Android_4.4.4_SM-N910F_Chrome_UNKNOWN]" classname="se.aftonbladet.abtest.tests.mobile.menu.AbMobileNavTest(20150219-180046)" time="28.478">
    <failure message="expected:&lt;32&gt; but was:&lt;20&gt;" type="java.lang.AssertionError"><![CDATA[java.lang.AssertionError: expected:<32> but was:<20>
	at org.junit.Assert.fail(Assert.java:88)
	at org.junit.Assert.failNotEquals(Assert.java:743)
	at org.junit.Assert.assertEquals(Assert.java:118)
	at org.junit.Assert.assertEquals(Assert.java:555)
	at org.junit.Assert.assertEquals(Assert.java:542)
	at se.aftonbladet.abtest.tests.mobile.menu.AbMobileNavTest.goToNewsPage(AbMobileNavTest.java:102)
]]></failure>
    <system-out><![CDATA[Driver: AndroidDriver: chrome on ANDROID (0195041991c457c53dc3feb418f93048)
Driver: AndroidDriver: chrome on ANDROID (0195041991c457c53dc3feb418f93048)
clickLeftMenuItem pMenuText: Nyheter
By: By.xpath: //*[@id='abTopMenuDynamic']/li/a[text()='Nyheter' and not(@disabled)]
Try to assert page title: Nyheter
>>>Compare to page title: nyheter | aftonbladet
By: By.xpath: //*[@class='abToggle']/div
]]></system-out>
  </testcase>
</testsuite>